# JRE version: OpenJDK Runtime Environment (25.0.2+10) (build 25.0.2+10-69)
# Java VM: OpenJDK 64-Bit Server VM (25.0.2+10-69, mixed mode, sharing, tiered, compressed oops, compressed class ptrs, g1 gc, bsd-aarch64)
GC Precious Log:
 CardTable entry size: 512
 Card Set container configuration: InlinePtr #cards 4 size 8 Array Of Cards #cards 32 size 80 Howl #buckets 8 coarsen threshold 7372 Howl Bitmap #cards 1024 size 144 coarsen threshold 921 Card regions per heap region 1 cards per card region 8192
 CPUs: 14 total, 14 available
 Memory: 24576M
 Large Page Support: Disabled
 NUMA Support: Disabled
 Compressed Oops: Enabled (Zero based)
 Heap Region Size: 4M
 Heap Min Capacity: 8M
 Heap Initial Capacity: 384M
 Heap Max Capacity: 6G
 Pre-touch: Disabled
 Parallel Workers: 11
 Concurrent Workers: 3
 Concurrent Refinement Workers: 11
 Periodic GC: Disabled
Heap:
 garbage-first heap   total reserved 6291456K, committed 172032K, used 154543K [0x0000000680000000, 0x0000000800000000)
  region size 4096K, 7 young (28672K), 1 survivors (4096K)
GC Heap Usage History (20 events):
Event: 170.446 {heap Before GC invocations=80 (full 0):
 garbage-first heap   total reserved 6291456K, committed 241664K, used 221232K [0x0000000680000000, 0x0000000800000000)
  region size 4096K, 26 young (106496K), 1 survivors (4096K)
}
Event: 170.447 {heap After GC invocations=81 (full 0):
 garbage-first heap   total reserved 6291456K, committed 241664K, used 118837K [0x0000000680000000, 0x0000000800000000)
  region size 4096K, 1 young (4096K), 1 survivors (4096K)
}
Event: 173.513 {heap Before GC invocations=81 (full 0):
 garbage-first heap   total reserved 6291456K, committed 241664K, used 221237K [0x0000000680000000, 0x0000000800000000)
  region size 4096K, 26 young (106496K), 1 survivors (4096K)
}
Event: 173.514 {heap After GC invocations=82 (full 0):
 garbage-first heap   total reserved 6291456K, committed 241664K, used 118869K [0x0000000680000000, 0x0000000800000000)
  region size 4096K, 1 young (4096K), 1 survivors (4096K)
}
Event: 176.527 {heap Before GC invocations=83 (full 0):
 garbage-first heap   total reserved 6291456K, committed 241664K, used 221269K [0x0000000680000000, 0x0000000800000000)
  region size 4096K, 26 young (106496K), 1 survivors (4096K)
}
Event: 176.527 {heap After GC invocations=84 (full 0):
 garbage-first heap   total reserved 6291456K, committed 241664K, used 118829K [0x0000000680000000, 0x0000000800000000)
  region size 4096K, 1 young (4096K), 1 survivors (4096K)
}
Event: 179.631 {heap Before GC invocations=84 (full 0):
 garbage-first heap   total reserved 6291456K, committed 241664K, used 221229K [0x0000000680000000, 0x0000000800000000)
  region size 4096K, 26 young (106496K), 1 survivors (4096K)
}
Event: 179.631 {heap After GC invocations=85 (full 0):
 garbage-first heap   total reserved 6291456K, committed 241664K, used 118826K [0x0000000680000000, 0x0000000800000000)
  region size 4096K, 1 young (4096K), 1 survivors (4096K)
}
Event: 182.876 {heap Before GC invocations=86 (full 0):
 garbage-first heap   total reserved 6291456K, committed 241664K, used 221226K [0x0000000680000000, 0x0000000800000000)
  region size 4096K, 26 young (106496K), 1 survivors (4096K)
}
Event: 182.877 {heap After GC invocations=87 (full 0):
 garbage-first heap   total reserved 6291456K, committed 241664K, used 118810K [0x0000000680000000, 0x0000000800000000)
  region size 4096K, 1 young (4096K), 1 survivors (4096K)
}
Event: 185.861 {heap Before GC invocations=87 (full 0):
 garbage-first heap   total reserved 6291456K, committed 241664K, used 221210K [0x0000000680000000, 0x0000000800000000)
  region size 4096K, 26 young (106496K), 1 survivors (4096K)
}
Event: 185.861 {heap After GC invocations=88 (full 0):
 garbage-first heap   total reserved 6291456K, committed 241664K, used 118818K [0x0000000680000000, 0x0000000800000000)
  region size 4096K, 1 young (4096K), 1 survivors (4096K)
}
Event: 189.103 {heap Before GC invocations=89 (full 0):
 garbage-first heap   total reserved 6291456K, committed 241664K, used 221218K [0x0000000680000000, 0x0000000800000000)
  region size 4096K, 26 young (106496K), 1 survivors (4096K)
}
Event: 189.104 {heap After GC invocations=90 (full 0):
 garbage-first heap   total reserved 6291456K, committed 241664K, used 118881K [0x0000000680000000, 0x0000000800000000)
  region size 4096K, 1 young (4096K), 1 survivors (4096K)
}
Event: 192.291 {heap Before GC invocations=90 (full 0):
 garbage-first heap   total reserved 6291456K, committed 241664K, used 221281K [0x0000000680000000, 0x0000000800000000)
  region size 4096K, 26 young (106496K), 1 survivors (4096K)
}
Event: 192.291 {heap After GC invocations=91 (full 0):
 garbage-first heap   total reserved 6291456K, committed 241664K, used 118846K [0x0000000680000000, 0x0000000800000000)
  region size 4096K, 1 young (4096K), 1 survivors (4096K)
}
Event: 195.285 {heap Before GC invocations=92 (full 0):
 garbage-first heap   total reserved 6291456K, committed 241664K, used 217150K [0x0000000680000000, 0x0000000800000000)
  region size 4096K, 26 young (106496K), 1 survivors (4096K)
}
Event: 195.286 {heap After GC invocations=93 (full 0):
 garbage-first heap   total reserved 6291456K, committed 241664K, used 118974K [0x0000000680000000, 0x0000000800000000)
  region size 4096K, 1 young (4096K), 1 survivors (4096K)
}
Event: 195.316 {heap Before GC invocations=94 (full 0):
 garbage-first heap   total reserved 6291456K, committed 163840K, used 45246K [0x0000000680000000, 0x0000000800000000)
  region size 4096K, 2 young (8192K), 1 survivors (4096K)
}
Event: 195.317 {heap After GC invocations=95 (full 0):
 garbage-first heap   total reserved 6291456K, committed 163840K, used 48047K [0x0000000680000000, 0x0000000800000000)
  region size 4096K, 1 young (4096K), 1 survivors (4096K)
}

